1723185240.020075 client started (153): version 3.4, socket /private/tmp/tmux-501/default, protocol 8
1723185240.020148 on Darwin 23.5.0 Darwin Kernel Version 23.5.0: Wed May  1 20:19:05 PDT 2024; root:xnu-10063.121.3~5/RELEASE_ARM64_T8112
1723185240.020161 using libevent 2.1.12-stable select
1723185240.020944 using utf8proc 2.9.0
1723185240.020965 using ncurses 6.5 20240427
1723185240.020983 flags are 0x18010000
1723185240.020990 socket is /private/tmp/tmux-501/default
1723185240.020999 trying connect
1723185240.021032 add peer 0x128048000: 6 (0x0)
1723185240.023540 sending message 100 to peer 0x128048000 (4 bytes)
1723185240.023551 sending message 111 to peer 0x128048000 (8 bytes)
1723185240.023557 sending message 101 to peer 0x128048000 (15 bytes)
1723185240.023562 sending message 109 to peer 0x128048000 (4 bytes)
1723185240.023567 sending message 102 to peer 0x128048000 (13 bytes)
1723185240.023572 sending message 108 to peer 0x128048000 (21 bytes)
1723185240.023577 sending message 112 to peer 0x128048000 (58 bytes)
1723185240.023582 sending message 112 to peer 0x128048000 (5 bytes)
1723185240.023587 sending message 112 to peer 0x128048000 (5 bytes)
1723185240.023592 sending message 112 to peer 0x128048000 (6 bytes)
1723185240.023597 sending message 112 to peer 0x128048000 (6 bytes)
1723185240.023602 sending message 112 to peer 0x128048000 (11 bytes)
1723185240.023607 sending message 112 to peer 0x128048000 (10 bytes)
1723185240.023611 sending message 112 to peer 0x128048000 (13 bytes)
1723185240.023616 sending message 112 to peer 0x128048000 (14 bytes)
1723185240.023621 sending message 112 to peer 0x128048000 (19 bytes)
1723185240.023626 sending message 112 to peer 0x128048000 (11 bytes)
1723185240.023631 sending message 112 to peer 0x128048000 (10 bytes)
1723185240.023635 sending message 112 to peer 0x128048000 (15 bytes)
1723185240.023640 sending message 112 to peer 0x128048000 (21 bytes)
1723185240.023645 sending message 112 to peer 0x128048000 (13 bytes)
1723185240.023649 sending message 112 to peer 0x128048000 (7 bytes)
1723185240.023654 sending message 112 to peer 0x128048000 (13 bytes)
1723185240.023659 sending message 112 to peer 0x128048000 (7 bytes)
1723185240.023663 sending message 112 to peer 0x128048000 (13 bytes)
1723185240.023668 sending message 112 to peer 0x128048000 (9 bytes)
1723185240.023673 sending message 112 to peer 0x128048000 (21 bytes)
1723185240.023677 sending message 112 to peer 0x128048000 (13 bytes)
1723185240.023682 sending message 112 to peer 0x128048000 (9 bytes)
1723185240.023686 sending message 112 to peer 0x128048000 (16 bytes)
1723185240.023691 sending message 112 to peer 0x128048000 (13 bytes)
1723185240.023695 sending message 112 to peer 0x128048000 (9 bytes)
1723185240.023700 sending message 112 to peer 0x128048000 (9 bytes)
1723185240.023704 sending message 112 to peer 0x128048000 (12 bytes)
1723185240.023708 sending message 112 to peer 0x128048000 (8 bytes)
1723185240.023713 sending message 112 to peer 0x128048000 (8 bytes)
1723185240.023717 sending message 112 to peer 0x128048000 (13 bytes)
1723185240.023722 sending message 112 to peer 0x128048000 (7 bytes)
1723185240.023727 sending message 112 to peer 0x128048000 (7 bytes)
1723185240.023732 sending message 112 to peer 0x128048000 (9 bytes)
1723185240.023737 sending message 112 to peer 0x128048000 (9 bytes)
1723185240.023742 sending message 112 to peer 0x128048000 (15 bytes)
1723185240.023748 sending message 112 to peer 0x128048000 (13 bytes)
1723185240.023752 sending message 112 to peer 0x128048000 (12 bytes)
1723185240.023758 sending message 112 to peer 0x128048000 (8 bytes)
1723185240.023763 sending message 112 to peer 0x128048000 (14 bytes)
1723185240.023768 sending message 112 to peer 0x128048000 (11 bytes)
1723185240.023774 sending message 112 to peer 0x128048000 (9 bytes)
1723185240.023780 sending message 112 to peer 0x128048000 (10 bytes)
1723185240.023786 sending message 112 to peer 0x128048000 (10 bytes)
1723185240.023792 sending message 112 to peer 0x128048000 (10 bytes)
1723185240.023798 sending message 112 to peer 0x128048000 (10 bytes)
1723185240.023834 sending message 112 to peer 0x128048000 (11 bytes)
1723185240.023840 sending message 112 to peer 0x128048000 (12 bytes)
1723185240.023845 sending message 112 to peer 0x128048000 (12 bytes)
1723185240.023849 sending message 112 to peer 0x128048000 (12 bytes)
1723185240.023853 sending message 112 to peer 0x128048000 (12 bytes)
1723185240.023857 sending message 112 to peer 0x128048000 (12 bytes)
1723185240.023861 sending message 112 to peer 0x128048000 (11 bytes)
1723185240.023865 sending message 112 to peer 0x128048000 (11 bytes)
1723185240.023869 sending message 112 to peer 0x128048000 (12 bytes)
1723185240.023873 sending message 112 to peer 0x128048000 (12 bytes)
1723185240.023878 sending message 112 to peer 0x128048000 (12 bytes)
1723185240.023882 sending message 112 to peer 0x128048000 (12 bytes)
1723185240.023887 sending message 112 to peer 0x128048000 (12 bytes)
1723185240.023892 sending message 112 to peer 0x128048000 (9 bytes)
1723185240.023897 sending message 112 to peer 0x128048000 (12 bytes)
1723185240.023902 sending message 112 to peer 0x128048000 (13 bytes)
1723185240.023907 sending message 112 to peer 0x128048000 (13 bytes)
1723185240.023913 sending message 112 to peer 0x128048000 (13 bytes)
1723185240.023920 sending message 112 to peer 0x128048000 (13 bytes)
1723185240.023923 sending message 112 to peer 0x128048000 (13 bytes)
1723185240.023927 sending message 112 to peer 0x128048000 (8 bytes)
1723185240.023933 sending message 112 to peer 0x128048000 (11 bytes)
1723185240.023937 sending message 112 to peer 0x128048000 (11 bytes)
1723185240.023941 sending message 112 to peer 0x128048000 (11 bytes)
1723185240.023945 sending message 112 to peer 0x128048000 (12 bytes)
1723185240.023949 sending message 112 to peer 0x128048000 (12 bytes)
1723185240.023952 sending message 112 to peer 0x128048000 (12 bytes)
1723185240.023956 sending message 112 to peer 0x128048000 (12 bytes)
1723185240.023960 sending message 112 to peer 0x128048000 (13 bytes)
1723185240.023963 sending message 112 to peer 0x128048000 (13 bytes)
1723185240.023968 sending message 112 to peer 0x128048000 (13 bytes)
1723185240.023971 sending message 112 to peer 0x128048000 (8 bytes)
1723185240.023975 sending message 112 to peer 0x128048000 (13 bytes)
1723185240.023979 sending message 112 to peer 0x128048000 (13 bytes)
1723185240.023982 sending message 112 to peer 0x128048000 (13 bytes)
1723185240.023986 sending message 112 to peer 0x128048000 (13 bytes)
1723185240.023990 sending message 112 to peer 0x128048000 (13 bytes)
1723185240.023993 sending message 112 to peer 0x128048000 (12 bytes)
1723185240.023997 sending message 112 to peer 0x128048000 (12 bytes)
1723185240.024001 sending message 112 to peer 0x128048000 (12 bytes)
1723185240.024004 sending message 112 to peer 0x128048000 (12 bytes)
1723185240.024008 sending message 112 to peer 0x128048000 (13 bytes)
1723185240.024012 sending message 112 to peer 0x128048000 (8 bytes)
1723185240.024016 sending message 112 to peer 0x128048000 (13 bytes)
1723185240.024019 sending message 112 to peer 0x128048000 (13 bytes)
1723185240.024023 sending message 112 to peer 0x128048000 (13 bytes)
1723185240.024026 sending message 112 to peer 0x128048000 (13 bytes)
1723185240.024030 sending message 112 to peer 0x128048000 (13 bytes)
1723185240.024034 sending message 112 to peer 0x128048000 (13 bytes)
1723185240.024038 sending message 112 to peer 0x128048000 (13 bytes)
1723185240.024041 sending message 112 to peer 0x128048000 (12 bytes)
1723185240.024045 sending message 112 to peer 0x128048000 (12 bytes)
1723185240.024049 sending message 112 to peer 0x128048000 (12 bytes)
1723185240.024053 sending message 112 to peer 0x128048000 (8 bytes)
1723185240.024057 sending message 112 to peer 0x128048000 (12 bytes)
1723185240.024061 sending message 112 to peer 0x128048000 (13 bytes)
1723185240.024065 sending message 112 to peer 0x128048000 (13 bytes)
1723185240.024068 sending message 112 to peer 0x128048000 (13 bytes)
1723185240.024072 sending message 112 to peer 0x128048000 (13 bytes)
1723185240.024077 sending message 112 to peer 0x128048000 (13 bytes)
1723185240.024087 sending message 112 to peer 0x128048000 (13 bytes)
1723185240.024091 sending message 112 to peer 0x128048000 (13 bytes)
1723185240.024095 sending message 112 to peer 0x128048000 (13 bytes)
1723185240.024099 sending message 112 to peer 0x128048000 (12 bytes)
1723185240.024103 sending message 112 to peer 0x128048000 (10 bytes)
1723185240.024107 sending message 112 to peer 0x128048000 (12 bytes)
1723185240.024111 sending message 112 to peer 0x128048000 (12 bytes)
1723185240.024114 sending message 112 to peer 0x128048000 (12 bytes)
1723185240.024118 sending message 112 to peer 0x128048000 (13 bytes)
1723185240.024122 sending message 112 to peer 0x128048000 (13 bytes)
1723185240.024126 sending message 112 to peer 0x128048000 (13 bytes)
1723185240.024129 sending message 112 to peer 0x128048000 (13 bytes)
1723185240.024133 sending message 112 to peer 0x128048000 (13 bytes)
1723185240.024137 sending message 112 to peer 0x128048000 (13 bytes)
1723185240.024141 sending message 112 to peer 0x128048000 (13 bytes)
1723185240.024145 sending message 112 to peer 0x128048000 (10 bytes)
1723185240.024149 sending message 112 to peer 0x128048000 (13 bytes)
1723185240.024152 sending message 112 to peer 0x128048000 (12 bytes)
1723185240.024156 sending message 112 to peer 0x128048000 (12 bytes)
1723185240.024160 sending message 112 to peer 0x128048000 (12 bytes)
1723185240.024164 sending message 112 to peer 0x128048000 (10 bytes)
1723185240.024167 sending message 112 to peer 0x128048000 (10 bytes)
1723185240.024171 sending message 112 to peer 0x128048000 (10 bytes)
1723185240.024175 sending message 112 to peer 0x128048000 (12 bytes)
1723185240.024179 sending message 112 to peer 0x128048000 (13 bytes)
1723185240.024183 sending message 112 to peer 0x128048000 (13 bytes)
1723185240.024186 sending message 112 to peer 0x128048000 (13 bytes)
1723185240.024191 sending message 112 to peer 0x128048000 (13 bytes)
1723185240.024195 sending message 112 to peer 0x128048000 (13 bytes)
1723185240.024199 sending message 112 to peer 0x128048000 (10 bytes)
1723185240.024203 sending message 112 to peer 0x128048000 (11 bytes)
1723185240.024208 sending message 112 to peer 0x128048000 (12 bytes)
1723185240.024212 sending message 112 to peer 0x128048000 (12 bytes)
1723185240.024215 sending message 112 to peer 0x128048000 (12 bytes)
1723185240.024220 sending message 112 to peer 0x128048000 (12 bytes)
1723185240.024223 sending message 112 to peer 0x128048000 (12 bytes)
1723185240.024227 sending message 112 to peer 0x128048000 (11 bytes)
1723185240.024231 sending message 112 to peer 0x128048000 (12 bytes)
1723185240.024236 sending message 112 to peer 0x128048000 (12 bytes)
1723185240.024240 sending message 112 to peer 0x128048000 (13 bytes)
1723185240.024244 sending message 112 to peer 0x128048000 (13 bytes)
1723185240.024247 sending message 112 to peer 0x128048000 (13 bytes)
1723185240.024250 sending message 112 to peer 0x128048000 (13 bytes)
1723185240.024253 sending message 112 to peer 0x128048000 (13 bytes)
1723185240.024257 sending message 112 to peer 0x128048000 (10 bytes)
1723185240.024260 sending message 112 to peer 0x128048000 (9 bytes)
1723185240.024263 sending message 112 to peer 0x128048000 (12 bytes)
1723185240.024266 sending message 112 to peer 0x128048000 (13 bytes)
1723185240.024269 sending message 112 to peer 0x128048000 (13 bytes)
1723185240.024272 sending message 112 to peer 0x128048000 (13 bytes)
1723185240.024275 sending message 112 to peer 0x128048000 (13 bytes)
1723185240.024278 sending message 112 to peer 0x128048000 (13 bytes)
1723185240.024281 sending message 112 to peer 0x128048000 (9 bytes)
1723185240.024284 sending message 112 to peer 0x128048000 (12 bytes)
1723185240.024287 sending message 112 to peer 0x128048000 (13 bytes)
1723185240.024290 sending message 112 to peer 0x128048000 (13 bytes)
1723185240.024293 sending message 112 to peer 0x128048000 (13 bytes)
1723185240.024296 sending message 112 to peer 0x128048000 (13 bytes)
1723185240.024299 sending message 112 to peer 0x128048000 (13 bytes)
1723185240.024308 sending message 112 to peer 0x128048000 (11 bytes)
1723185240.024311 sending message 112 to peer 0x128048000 (12 bytes)
1723185240.024314 sending message 112 to peer 0x128048000 (13 bytes)
1723185240.024317 sending message 112 to peer 0x128048000 (13 bytes)
1723185240.024320 sending message 112 to peer 0x128048000 (13 bytes)
1723185240.024323 sending message 112 to peer 0x128048000 (13 bytes)
1723185240.024326 sending message 112 to peer 0x128048000 (13 bytes)
1723185240.024329 sending message 112 to peer 0x128048000 (11 bytes)
1723185240.024333 sending message 112 to peer 0x128048000 (12 bytes)
1723185240.024336 sending message 112 to peer 0x128048000 (12 bytes)
1723185240.024339 sending message 112 to peer 0x128048000 (12 bytes)
1723185240.024342 sending message 112 to peer 0x128048000 (12 bytes)
1723185240.024345 sending message 112 to peer 0x128048000 (12 bytes)
1723185240.024348 sending message 112 to peer 0x128048000 (21 bytes)
1723185240.024351 sending message 112 to peer 0x128048000 (12 bytes)
1723185240.024354 sending message 112 to peer 0x128048000 (9 bytes)
1723185240.024357 sending message 112 to peer 0x128048000 (6 bytes)
1723185240.024360 sending message 112 to peer 0x128048000 (13 bytes)
1723185240.024363 sending message 112 to peer 0x128048000 (10 bytes)
1723185240.024366 sending message 112 to peer 0x128048000 (15 bytes)
1723185240.024369 sending message 112 to peer 0x128048000 (13 bytes)
1723185240.024372 sending message 112 to peer 0x128048000 (9 bytes)
1723185240.024375 sending message 112 to peer 0x128048000 (70 bytes)
1723185240.024378 sending message 112 to peer 0x128048000 (69 bytes)
1723185240.024381 sending message 112 to peer 0x128048000 (73 bytes)
1723185240.024384 sending message 112 to peer 0x128048000 (12 bytes)
1723185240.024387 sending message 112 to peer 0x128048000 (10 bytes)
1723185240.024403 sending message 112 to peer 0x128048000 (10 bytes)
1723185240.024407 sending message 112 to peer 0x128048000 (15 bytes)
1723185240.024410 sending message 112 to peer 0x128048000 (13 bytes)
1723185240.024413 sending message 112 to peer 0x128048000 (10 bytes)
1723185240.024416 sending message 112 to peer 0x128048000 (10 bytes)
1723185240.024419 sending message 112 to peer 0x128048000 (17 bytes)
1723185240.024422 sending message 112 to peer 0x128048000 (13 bytes)
1723185240.024425 sending message 112 to peer 0x128048000 (15 bytes)
1723185240.024429 sending message 112 to peer 0x128048000 (5 bytes)
1723185240.024437 sending message 104 to peer 0x128048000 (0 bytes)
1723185240.024441 sending message 110 to peer 0x128048000 (0 bytes)
1723185240.024445 sending message 107 to peer 0x128048000 (4 bytes)
1723185240.024452 sending message 105 to peer 0x128048000 (60 bytes)
1723185240.024457 sending message 105 to peer 0x128048000 (66 bytes)
1723185240.024461 sending message 105 to peer 0x128048000 (26 bytes)
1723185240.024465 sending message 105 to peer 0x128048000 (15 bytes)
1723185240.024470 sending message 105 to peer 0x128048000 (28 bytes)
1723185240.024475 sending message 105 to peer 0x128048000 (14 bytes)
1723185240.024480 sending message 105 to peer 0x128048000 (17 bytes)
1723185240.024484 sending message 105 to peer 0x128048000 (25 bytes)
1723185240.024487 sending message 105 to peer 0x128048000 (15 bytes)
1723185240.024490 sending message 105 to peer 0x128048000 (43 bytes)
1723185240.024493 sending message 105 to peer 0x128048000 (24 bytes)
1723185240.024497 sending message 105 to peer 0x128048000 (42 bytes)
1723185240.024500 sending message 105 to peer 0x128048000 (27 bytes)
1723185240.024503 sending message 105 to peer 0x128048000 (23 bytes)
1723185240.024506 sending message 105 to peer 0x128048000 (424 bytes)
1723185240.024510 sending message 105 to peer 0x128048000 (19 bytes)
1723185240.024513 sending message 105 to peer 0x128048000 (20 bytes)
1723185240.024516 sending message 105 to peer 0x128048000 (22 bytes)
1723185240.024519 sending message 105 to peer 0x128048000 (20 bytes)
1723185240.024522 sending message 105 to peer 0x128048000 (86 bytes)
1723185240.024532 sending message 105 to peer 0x128048000 (17 bytes)
1723185240.024535 sending message 105 to peer 0x128048000 (57 bytes)
1723185240.024538 sending message 105 to peer 0x128048000 (10 bytes)
1723185240.024542 sending message 105 to peer 0x128048000 (19 bytes)
1723185240.024545 sending message 105 to peer 0x128048000 (13 bytes)
1723185240.024548 sending message 105 to peer 0x128048000 (54 bytes)
1723185240.024551 sending message 105 to peer 0x128048000 (32 bytes)
1723185240.024554 sending message 105 to peer 0x128048000 (61 bytes)
1723185240.024557 sending message 105 to peer 0x128048000 (8 bytes)
1723185240.024560 sending message 105 to peer 0x128048000 (28 bytes)
1723185240.024563 sending message 105 to peer 0x128048000 (12 bytes)
1723185240.024566 sending message 105 to peer 0x128048000 (22 bytes)
1723185240.024569 sending message 105 to peer 0x128048000 (13 bytes)
1723185240.024572 sending message 105 to peer 0x128048000 (33 bytes)
1723185240.024575 sending message 105 to peer 0x128048000 (10 bytes)
1723185240.024578 sending message 105 to peer 0x128048000 (26 bytes)
1723185240.024583 sending message 105 to peer 0x128048000 (12 bytes)
1723185240.024587 sending message 105 to peer 0x128048000 (12 bytes)
1723185240.024590 sending message 105 to peer 0x128048000 (19 bytes)
1723185240.024593 sending message 105 to peer 0x128048000 (17 bytes)
1723185240.024597 sending message 105 to peer 0x128048000 (17 bytes)
1723185240.024600 sending message 105 to peer 0x128048000 (11 bytes)
1723185240.024603 sending message 105 to peer 0x128048000 (23 bytes)
1723185240.024606 sending message 105 to peer 0x128048000 (22 bytes)
1723185240.024609 sending message 105 to peer 0x128048000 (30 bytes)
1723185240.024612 sending message 105 to peer 0x128048000 (551 bytes)
1723185240.024616 sending message 105 to peer 0x128048000 (25 bytes)
1723185240.024623 sending message 106 to peer 0x128048000 (0 bytes)
1723185240.024673 sending message 200 to peer 0x128048000 (4 bytes)
1723185240.024679 client loop enter
1723185240.027144 peer 0x128048000 message 207
1723185240.027190 sending message 208 to peer 0x128048000 (0 bytes)
1723185405.559243 peer 0x128048000 message 214
